[2019-09-27 12:30:21.602] [exthost] [info] extension host started
[2019-09-27 12:30:21.665] [exthost] [info] ExtensionService#_doActivateExtension vscode.debug-auto-launch {"startup":true,"activationEvent":"*"}
[2019-09-27 12:30:21.665] [exthost] [info] ExtensionService#loadCommonJSModule file:///usr/share/code/resources/app/extensions/debug-auto-launch/dist/extension
[2019-09-27 12:30:21.717] [exthost] [info] ExtensionService#_doActivateExtension vscode.emmet {"startup":true,"activationEvent":"*"}
[2019-09-27 12:30:21.717] [exthost] [info] ExtensionService#loadCommonJSModule file:///usr/share/code/resources/app/extensions/emmet/dist/extension
[2019-09-27 12:30:21.913] [exthost] [info] ExtensionService#_doActivateExtension vscode.git {"startup":true,"activationEvent":"*"}
[2019-09-27 12:30:21.913] [exthost] [info] ExtensionService#loadCommonJSModule file:///usr/share/code/resources/app/extensions/git/dist/main
[2019-09-27 12:30:22.183] [exthost] [info] ExtensionService#_doActivateExtension vscode.merge-conflict {"startup":true,"activationEvent":"*"}
[2019-09-27 12:30:22.183] [exthost] [info] ExtensionService#loadCommonJSModule file:///usr/share/code/resources/app/extensions/merge-conflict/dist/extension
[2019-09-27 12:30:22.250] [exthost] [info] eager extensions activated
[2019-09-27 12:31:12.998] [exthost] [info] ExtensionService#_doActivateExtension vscode.npm {"startup":true,"activationEvent":"workspaceContains:package.json"}
[2019-09-27 12:31:12.998] [exthost] [info] ExtensionService#loadCommonJSModule file:///usr/share/code/resources/app/extensions/npm/dist/main
[2019-09-27 12:31:14.503] [exthost] [info] extension host started
[2019-09-27 12:31:14.513] [exthost] [info] ExtensionService#_doActivateExtension vscode.debug-auto-launch {"startup":true,"activationEvent":"*"}
[2019-09-27 12:31:14.513] [exthost] [info] ExtensionService#loadCommonJSModule file:///usr/share/code/resources/app/extensions/debug-auto-launch/dist/extension
[2019-09-27 12:31:14.517] [exthost] [info] ExtensionService#_doActivateExtension vscode.emmet {"startup":true,"activationEvent":"*"}
[2019-09-27 12:31:14.517] [exthost] [info] ExtensionService#loadCommonJSModule file:///usr/share/code/resources/app/extensions/emmet/dist/extension
[2019-09-27 12:31:14.586] [exthost] [info] ExtensionService#_doActivateExtension vscode.git {"startup":true,"activationEvent":"*"}
[2019-09-27 12:31:14.587] [exthost] [info] ExtensionService#loadCommonJSModule file:///usr/share/code/resources/app/extensions/git/dist/main
[2019-09-27 12:31:14.723] [exthost] [info] ExtensionService#_doActivateExtension vscode.merge-conflict {"startup":true,"activationEvent":"*"}
[2019-09-27 12:31:14.723] [exthost] [info] ExtensionService#loadCommonJSModule file:///usr/share/code/resources/app/extensions/merge-conflict/dist/extension
[2019-09-27 12:31:14.731] [exthost] [info] ExtensionService#_doActivateExtension vscode.npm {"startup":true,"activationEvent":"workspaceContains:package.json"}
[2019-09-27 12:31:14.732] [exthost] [info] ExtensionService#loadCommonJSModule file:///usr/share/code/resources/app/extensions/npm/dist/main
[2019-09-27 12:31:14.775] [exthost] [info] eager extensions activated
[2019-09-27 12:56:38.146] [exthost] [info] ExtensionService#_doActivateExtension vscode.configuration-editing {"startup":false,"activationEvent":"onLanguage:json"}
[2019-09-27 12:56:38.146] [exthost] [info] ExtensionService#loadCommonJSModule file:///usr/share/code/resources/app/extensions/configuration-editing/dist/extension
[2019-09-27 12:56:38.181] [exthost] [info] ExtensionService#_doActivateExtension vscode.extension-editing {"startup":false,"activationEvent":"onLanguage:json"}
[2019-09-27 12:56:38.181] [exthost] [info] ExtensionService#loadCommonJSModule file:///usr/share/code/resources/app/extensions/extension-editing/dist/extension
[2019-09-27 12:56:38.373] [exthost] [info] ExtensionService#_doActivateExtension vscode.json-language-features {"startup":false,"activationEvent":"onLanguage:json"}
[2019-09-27 12:56:38.373] [exthost] [info] ExtensionService#loadCommonJSModule file:///usr/share/code/resources/app/extensions/json-language-features/client/dist/jsonMain
[2019-09-27 12:56:51.947] [exthost] [info] ExtensionService#_doActivateExtension vscode.html-language-features {"startup":false,"activationEvent":"onLanguage:html"}
[2019-09-27 12:56:51.948] [exthost] [info] ExtensionService#loadCommonJSModule file:///usr/share/code/resources/app/extensions/html-language-features/client/dist/htmlMain
[2019-09-27 15:33:24.221] [exthost] [info] ExtensionService#_doActivateExtension vscode.typescript-language-features {"startup":false,"activationEvent":"onLanguage:typescript"}
[2019-09-27 15:33:24.221] [exthost] [info] ExtensionService#loadCommonJSModule file:///usr/share/code/resources/app/extensions/typescript-language-features/dist/extension
[2019-09-27 16:12:14.975] [exthost] [error] [vscode.typescript-language-features] provider FAILED
[2019-09-27 16:12:14.976] [exthost] [error] Error: DisposableStore is missing...
	at R._convertCompletionItem (/usr/share/code/resources/app/out/vs/workbench/services/extensions/node/extensionHostProcess.js:559:660)
	at define.resolveCompletionItem.o.asPromise.then.e (/usr/share/code/resources/app/out/vs/workbench/services/extensions/node/extensionHostProcess.js:559:290)
[2019-09-27 16:12:31.724] [exthost] [error] [vscode.typescript-language-features] provider FAILED
[2019-09-27 16:12:31.724] [exthost] [error] Error: DisposableStore is missing...
	at R._convertCompletionItem (/usr/share/code/resources/app/out/vs/workbench/services/extensions/node/extensionHostProcess.js:559:660)
	at define.resolveCompletionItem.o.asPromise.then.e (/usr/share/code/resources/app/out/vs/workbench/services/extensions/node/extensionHostProcess.js:559:290)
[2019-09-27 16:13:10.129] [exthost] [error] [vscode.typescript-language-features] provider FAILED
[2019-09-27 16:13:10.129] [exthost] [error] Error: DisposableStore is missing...
	at R._convertCompletionItem (/usr/share/code/resources/app/out/vs/workbench/services/extensions/node/extensionHostProcess.js:559:660)
	at define.resolveCompletionItem.o.asPromise.then.e (/usr/share/code/resources/app/out/vs/workbench/services/extensions/node/extensionHostProcess.js:559:290)
[2019-09-27 16:29:40.307] [exthost] [info] ExtensionService#_doActivateExtension vscode.css-language-features {"startup":false,"activationEvent":"onLanguage:css"}
[2019-09-27 16:29:40.307] [exthost] [info] ExtensionService#loadCommonJSModule file:///usr/share/code/resources/app/extensions/css-language-features/client/dist/cssMain
